Iteration     Total nfev        Cost      Cost reduction    Step norm     Optimality   
       0              1         3.9859e+00                                    6.90e+08    
       1              2         2.9772e+00      1.01e+00       4.61e-04       4.46e+08    
       2              4         2.0574e+00      9.20e-01       1.08e-04       1.24e+08    
       3              5         1.9556e+00      1.02e-01       1.08e-04       1.37e+08    
       4              6         1.8567e+00      9.89e-02       2.70e-05       4.53e+07    
       5              7         1.8338e+00      2.29e-02       6.75e-06       1.28e+07    
       6              8         1.8302e+00      3.57e-03       1.69e-06       3.22e+06    
       7              9         1.8298e+00      3.51e-04       4.22e-07       8.57e+05    
       8             10         1.8298e+00      7.79e-05       1.06e-07       2.14e+05    
       9             11         1.8297e+00      1.88e-05       2.64e-08       5.35e+04    
      10             12         1.8297e+00      5.73e-06       6.59e-09       1.30e+04    
      11             13         1.8297e+00      2.18e-06       1.65e-09       9.70e+03    
      12             14         1.8297e+00      5.85e-07       4.12e-10       9.70e+03    
      13             15         1.8297e+00      1.46e-07       1.03e-10       9.70e+03    
      14             16         1.8297e+00      3.65e-08       2.58e-11       9.70e+03    
      15             17         1.8297e+00      9.13e-09       6.44e-12       9.70e+03    
      16             18         1.8297e+00      2.28e-09       1.61e-12       9.70e+03    
      17             19         1.8297e+00      5.71e-10       4.03e-13       9.70e+03    
      18             20         1.8297e+00      1.43e-10       1.01e-13       9.70e+03    
      19             21         1.8297e+00      3.54e-11       2.52e-14       9.70e+03    
      20             22         1.8297e+00      8.61e-12       6.29e-15       9.70e+03    
      21             23         1.8297e+00      2.36e-12       1.57e-15       9.70e+03    
      22             24         1.8297e+00      5.70e-13       3.93e-16       9.70e+03    
      23             25         1.8297e+00      7.42e-14       9.83e-17       9.70e+03    
      24             26         1.8297e+00      1.58e-13       2.46e-17       9.70e+03  
