 Iteration     Total nfev        Cost      Cost reduction    Step norm     Optimality   
       0              1         3.9859e+00                                    6.90e+08    
       1              2         3.0297e+00      9.56e-01       4.62e-04       4.55e+08    
       2              4         2.0213e+00      1.01e+00       1.07e-04       1.19e+08    
       3              5         1.9177e+00      1.04e-01       1.07e-04       1.24e+08    
       4              6         1.8398e+00      7.79e-02       2.67e-05       4.50e+07    
       5              7         1.8287e+00      1.11e-02       6.68e-06       9.83e+06    
       6              8         1.8258e+00      2.88e-03       1.67e-06       3.03e+06    
       7              9         1.8258e+00      4.37e-05       4.17e-07       6.18e+05    
       8             10         1.8256e+00      1.42e-04       1.04e-07       1.90e+05    
       9             11         1.8256e+00      4.28e-05       2.61e-08       4.69e+04    
      10             12         1.8256e+00      1.27e-05       6.52e-09       1.13e+04    
      11             13         1.8256e+00      4.30e-06       1.63e-09       6.76e+03    
      12             14         1.8256e+00      1.07e-06       4.07e-10       6.76e+03    
      13             15         1.8256e+00      2.68e-07       1.02e-10       6.76e+03    
      14             16         1.8256e+00      6.71e-08       2.55e-11       6.76e+03    
      15             17         1.8256e+00      1.68e-08       6.37e-12       6.76e+03    
      16             18         1.8256e+00      4.20e-09       1.59e-12       6.76e+03    
      17             19         1.8256e+00      1.05e-09       3.98e-13       6.76e+03    
      18             20         1.8256e+00      2.63e-10       9.95e-14       6.76e+03    
      19             21         1.8256e+00      6.58e-11       2.49e-14       6.76e+03    
      20             22         1.8256e+00      1.65e-11       6.22e-15       6.76e+03    
      21             23         1.8256e+00      4.00e-12       1.55e-15       6.76e+03    
      22             24         1.8256e+00      9.66e-13       3.89e-16       6.76e+03    
      23             25         1.8256e+00      5.60e-13       9.71e-17       6.76e+03 
