Iteration     Total nfev        Cost      Cost reduction    Step norm     Optimality   
       0              1         3.9859e+00                                    6.90e+08    
       1              2         3.0003e+00      9.86e-01       4.55e-04       4.49e+08    
       2              4         2.0771e+00      9.23e-01       1.09e-04       1.26e+08    
       3              5         1.9224e+00      1.55e-01       1.09e-04       1.40e+08    
       4              6         1.8458e+00      7.66e-02       2.71e-05       4.57e+07    
       5              7         1.8295e+00      1.63e-02       6.79e-06       1.26e+07    
       6              9         1.8290e+00      5.20e-04       4.24e-07       8.29e+05    
       7             12         1.8290e+00      4.85e-07       6.63e-09       1.29e+04    
       8             13         1.8290e+00      7.08e-07       1.66e-09       9.63e+03    
       9             14         1.8290e+00      1.77e-07       4.14e-10       9.63e+03    
      10             15         1.8290e+00      4.42e-08       1.04e-10       9.63e+03    
      11             16         1.8290e+00      1.10e-08       2.59e-11       9.63e+03    
      12             17         1.8290e+00      2.76e-09       6.47e-12       9.63e+03    
      13             18         1.8290e+00      6.91e-10       1.62e-12       9.63e+03    
      14             19         1.8290e+00      1.73e-10       4.05e-13       9.63e+03    
      15             20         1.8290e+00      4.33e-11       1.01e-13       9.63e+03    
      16             21         1.8290e+00      1.07e-11       2.53e-14       9.63e+03    
      17             22         1.8290e+00      2.95e-12       6.32e-15       9.63e+03    
      18             23         1.8290e+00      3.95e-13       1.58e-15       9.63e+03    
      19             29         1.8290e+00      8.88e-16       3.86e-19       9.63e+03