 Iteration     Total nfev        Cost      Cost reduction    Step norm     Optimality   
       0              1         3.9859e+00                                    6.90e+08    
       1              2         3.0029e+00      9.83e-01       4.62e-04       4.50e+08    
       2              4         2.0621e+00      9.41e-01       1.08e-04       1.25e+08    
       3              5         1.9022e+00      1.60e-01       1.08e-04       1.38e+08    
       4              6         1.8278e+00      7.44e-02       2.71e-05       4.56e+07    
       5              7         1.8108e+00      1.69e-02       6.77e-06       1.25e+07    
       6              9         1.8103e+00      5.52e-04       4.23e-07       8.26e+05    
       7             12         1.8103e+00      1.03e-06       6.61e-09       1.28e+04    
       8             13         1.8103e+00      7.07e-07       1.65e-09       9.49e+03    
       9             14         1.8103e+00      2.21e-07       4.13e-10       9.49e+03    
      10             15         1.8103e+00      5.52e-08       1.03e-10       9.49e+03    
      11             16         1.8103e+00      1.38e-08       2.58e-11       9.49e+03    
      12             17         1.8103e+00      3.45e-09       6.46e-12       9.49e+03    
      13             18         1.8103e+00      8.63e-10       1.61e-12       9.49e+03    
      14             19         1.8103e+00      2.15e-10       4.04e-13       9.49e+03    
      15             20         1.8103e+00      5.39e-11       1.01e-13       9.49e+03    
      16             21         1.8103e+00      1.35e-11       2.52e-14       9.49e+03    
      17             22         1.8103e+00      3.32e-12       6.31e-15       9.49e+03    
      18             23         1.8103e+00      9.87e-13       1.58e-15       9.49e+03    
      19             25         1.8103e+00      1.21e-13       9.86e-17       9.49e+03 