Iteration     Total nfev        Cost      Cost reduction    Step norm     Optimality   
       0              1         3.9859e+00                                    6.90e+08    
       1              2         3.0179e+00      9.68e-01       4.60e-04       4.51e+08    
       2              4         2.0320e+00      9.86e-01       1.06e-04       1.17e+08    
       3              5         1.9150e+00      1.17e-01       1.06e-04       1.16e+08    
       4              6         1.8431e+00      7.19e-02       2.66e-05       4.09e+07    
       5              7         1.8321e+00      1.10e-02       6.64e-06       8.95e+06    
       6              8         1.8315e+00      5.66e-04       1.66e-06       2.35e+06    
       7             10         1.8315e+00      1.91e-05       1.04e-07       1.40e+05    
       8             14         1.8315e+00      4.58e-08       4.05e-10       6.82e+03    
       9             15         1.8315e+00      1.55e-07       1.01e-10       6.82e+03    
      10             16         1.8315e+00      3.88e-08       2.53e-11       6.82e+03    
      11             17         1.8315e+00      9.71e-09       6.33e-12       6.82e+03    
      12             18         1.8315e+00      2.43e-09       1.58e-12       6.82e+03    
      13             19         1.8315e+00      6.07e-10       3.96e-13       6.82e+03    
      14             20         1.8315e+00      1.52e-10       9.89e-14       6.82e+03    
      15             21         1.8315e+00      3.80e-11       2.47e-14       6.82e+03    
      16             22         1.8315e+00      9.51e-12       6.18e-15       6.82e+03    
      17             23         1.8315e+00      2.49e-12       1.55e-15       6.82e+03    
      18             24         1.8315e+00      7.00e-13       3.86e-16       6.82e+03 